Arguments: 
  C:\Program Files\nodejs\node.exe C:\Users\andrz\AppData\Roaming\npm\node_modules\yarn\bin\yarn.js global dir --json

PATH: 
  C:\Users\andrz\bin;C:\Program Files\Git\mingw64\bin;C:\Program Files\Git\usr\local\bin;C:\Program Files\Git\usr\bin;C:\Program Files\Git\usr\bin;C:\Program Files\Git\mingw64\bin;C:\Program Files\Git\usr\bin;C:\Users\andrz\bin;C:\WINDOWS\system32;C:\WINDOWS;C:\WINDOWS\System32\Wbem;C:\WINDOWS\System32\WindowsPowerShell\v1.0;C:\WINDOWS\System32\OpenSSH;C:\Program Files\Git\cmd;C:\Program Files\nodejs;C:\Program Files\MySQL\MySQL Shell 8.0\bin;C:\Users\andrz\AppData\Local\Microsoft\WindowsApps;C:\Users\andrz\AppData\Local\Programs\Microsoft VS Code\bin;C:\Users\andrz\AppData\Roaming\npm;C:\Program Files\Git\usr\bin\vendor_perl;C:\Program Files\Git\usr\bin\core_perl

Yarn version: 
  1.22.19

Node version: 
  18.17.0

Platform: 
  win32 x64

Trace: 
  SyntaxError: c:\Programowanie\Kodilla\Projects\Moduł 4\nauka-gita-2\package.json: Unexpected token < in JSON at position 0
      at JSON.parse (<anonymous>)
      at C:\Users\andrz\AppData\Roaming\npm\node_modules\yarn\lib\cli.js:1629:59
      at Generator.next (<anonymous>)
      at step (C:\Users\andrz\AppData\Roaming\npm\node_modules\yarn\lib\cli.js:310:30)
      at C:\Users\andrz\AppData\Roaming\npm\node_modules\yarn\lib\cli.js:321:13

npm manifest: 
  <<<<<<< HEAD
  {
    "name": "nauka-gita-2",
    "version": "1.0.0",
    "description": "",
    "main": "index.js",
    "scripts": {
      "test": "echo \"Error: no test specified\" && exit 1"
    },
    "keywords": [],
    "author": "",
    "license": "ISC",
    "devDependencies": {
      "browser-sync": "^2.29.3"
    }
  }
  =======
  {}
  >>>>>>> devKasia

yarn manifest: 
  No manifest

Lockfile: 
  No lockfile
